2025-03-28 11:34:31 [INFO] Question: Who gets paid the most?
2025-03-28 11:34:31 [INFO] Running PandaAI with bamboo_llm LLM...
2025-03-28 11:34:31 [INFO] Prompt ID: 4c896035-01b7-4bc7-901b-2b8e93e95765
2025-03-28 11:34:31 [INFO] Generating new code...
2025-03-28 11:34:31 [INFO] Using Prompt: <tables>

<table dialect="duckdb" table_name="table_f429f651884f4941543d85bc5583ea4e" dimensions="5x3">
EmployeeID,Name,Department
1,John,HR
2,Emma,Sales
3,Liam,IT
4,Olivia,Marketing
5,William,Finance
</table>


<table dialect="duckdb" table_name="table_8a25a04fdd74977afdf9a87b59394611" dimensions="5x2">
EmployeeID,Salary
1,5000
2,6000
3,4500
4,7000
5,5500
</table>


</tables>

You are already provided with the following functions that you can call:
<function>
def execute_sql_query(sql_query: str) -> pd.Dataframe
    """This method connects to the database, executes the sql query and returns the dataframe"""
</function>


Update this initial code:
```python
# TODO: import the required dependencies
import pandas as pd

# Write code here

# Declare result var: 
type (possible values "string", "number", "dataframe", "plot"). Examples: { "type": "string", "value": f"The highest salary is {highest_salary}." } or { "type": "number", "value": 125 } or { "type": "dataframe", "value": pd.DataFrame({...}) } or { "type": "plot", "value": "temp_chart.png" }

```



### QUERY
 Who gets paid the most?

At the end, declare "result" variable as a dictionary of type and value.


Generate python code and return full updated code:

### Note: Use only relevant table for query and do aggregation, sorting, joins and grouby through sql query
2025-03-28 11:34:46 [INFO] Code Generated:
# Import the required dependencies
import pandas as pd

# Write the SQL query to join the two tables and sort by salary
sql_query = """
SELECT t1.Name, t2.Salary
FROM table_f429f651884f4941543d85bc5583ea4e as t1
JOIN table_8a25a04fdd74977afdf9a87b59394611 as t2
ON t1.EmployeeID = t2.EmployeeID
ORDER BY t2.Salary DESC
"""

# Execute the SQL query and get the result
df = execute_sql_query(sql_query)

# Get the employee with the highest salary
highest_paid_employee = df.iloc[0]

# Declare the result
result = { "type": "dataframe", "value": highest_paid_employee }
2025-03-28 11:34:46 [INFO] Validating code requirements...
2025-03-28 11:34:46 [INFO] Code validation successful.
2025-03-28 11:34:46 [INFO] Cleaning the generated code...
2025-03-28 11:34:46 [INFO] Executing code: import pandas as pd
sql_query = """
SELECT t1.Name, t2.Salary
FROM table_f429f651884f4941543d85bc5583ea4e as t1
JOIN table_8a25a04fdd74977afdf9a87b59394611 as t2
ON t1.EmployeeID = t2.EmployeeID
ORDER BY t2.Salary DESC
"""
df = execute_sql_query(sql_query)
highest_paid_employee = df.iloc[0]
result = {'type': 'dataframe', 'value': highest_paid_employee}
2025-03-28 11:34:47 [INFO] Response generated successfully.
2025-03-28 11:35:20 [INFO] Question: Who gets paid the most?
2025-03-28 11:35:20 [INFO] Running PandaAI with bamboo_llm LLM...
2025-03-28 11:35:20 [INFO] Prompt ID: 8e4e1abd-bfba-4c2b-8cc7-0458bf2ccd0c
2025-03-28 11:35:20 [INFO] Generating new code...
2025-03-28 11:35:20 [INFO] Using Prompt: <tables>

<table dialect="duckdb" table_name="table_f429f651884f4941543d85bc5583ea4e" dimensions="5x3">
EmployeeID,Name,Department
1,John,HR
2,Emma,Sales
3,Liam,IT
4,Olivia,Marketing
5,William,Finance
</table>


<table dialect="duckdb" table_name="table_8a25a04fdd74977afdf9a87b59394611" dimensions="5x2">
EmployeeID,Salary
1,5000
2,6000
3,4500
4,7000
5,5500
</table>


</tables>

You are already provided with the following functions that you can call:
<function>
def execute_sql_query(sql_query: str) -> pd.Dataframe
    """This method connects to the database, executes the sql query and returns the dataframe"""
</function>


Update this initial code:
```python
# TODO: import the required dependencies
import pandas as pd

# Write code here

# Declare result var: 
type (possible values "string", "number", "dataframe", "plot"). Examples: { "type": "string", "value": f"The highest salary is {highest_salary}." } or { "type": "number", "value": 125 } or { "type": "dataframe", "value": pd.DataFrame({...}) } or { "type": "plot", "value": "temp_chart.png" }

```



### QUERY
 Who gets paid the most?

At the end, declare "result" variable as a dictionary of type and value.


Generate python code and return full updated code:

### Note: Use only relevant table for query and do aggregation, sorting, joins and grouby through sql query
2025-03-28 11:35:33 [INFO] Code Generated:
# TODO: import the required dependencies
import pandas as pd

def execute_sql_query(sql_query: str) -> pd.DataFrame:
    """This method connects to the database, executes the sql query and returns the dataframe"""
    # Connect to the database and execute query here
    pass

# Write SQL query to get the employee with the highest salary
sql_query = """
    SELECT Name, MAX(Salary) as Salary
    FROM table_f429f651884f4941543d85bc5583ea4e 
    JOIN table_8a25a04fdd74977afdf9a87b59394611 
    ON table_f429f651884f4941543d85bc5583ea4e.EmployeeID = table_8a25a04fdd74977afdf9a87b59394611.EmployeeID
"""

# Execute SQL query and get the result
df = execute_sql_query(sql_query)

# Extract the Name and Salary of the employee who gets paid the most
highest_paid_employee = df.iloc[0]['Name']
highest_salary = df.iloc[0]['Salary']

# Declare result var
result = { "type": "string", "value": f"The highest salary is {highest_salary} and it is received by {highest_paid_employee}." }
2025-03-28 11:35:33 [INFO] Validating code requirements...
2025-03-28 11:35:33 [INFO] Code validation successful.
2025-03-28 11:35:33 [INFO] Cleaning the generated code...
2025-03-28 11:35:33 [INFO] Executing code: import pandas as pd
sql_query = """
    SELECT Name, MAX(Salary) as Salary
    FROM table_f429f651884f4941543d85bc5583ea4e 
    JOIN table_8a25a04fdd74977afdf9a87b59394611 
    ON table_f429f651884f4941543d85bc5583ea4e.EmployeeID = table_8a25a04fdd74977afdf9a87b59394611.EmployeeID
"""
df = execute_sql_query(sql_query)
highest_paid_employee = df.iloc[0]['Name']
highest_salary = df.iloc[0]['Salary']
result = {'type': 'string', 'value': f'The highest salary is {highest_salary} and it is received by {highest_paid_employee}.'}
2025-03-28 11:35:34 [INFO] Retrying execution (1/3)...
2025-03-28 11:35:34 [INFO] Execution failed with error: Traceback (most recent call last):
  File "C:\Users\Jonathan\Desktop\projects\intern project\data_app\.venv\lib\site-packages\pandasai\core\code_execution\code_executor.py", line 29, in execute
    exec(code, self._environment)
  File "<string>", line 8, in <module>
  File "C:\Users\Jonathan\Desktop\projects\intern project\data_app\.venv\lib\site-packages\pandasai\agent\base.py", line 150, in _execute_sql_query
    return db_manager.sql(final_query).df()
  File "C:\Users\Jonathan\Desktop\projects\intern project\data_app\.venv\lib\site-packages\pandasai\data_loader\duck_db_connection_manager.py", line 39, in sql
    return self.connection.sql(query, params=params)
duckdb.duckdb.BinderException: Binder Error: column "Name" must appear in the GROUP BY clause or must be part of an aggregate function.
Either add it to the GROUP BY list, or use "ANY_VALUE(Name)" if the exact value of "Name" is not important.

The above exception was the direct cause of the following exception:

Traceback (most recent call last):
  File "C:\Users\Jonathan\Desktop\projects\intern project\data_app\.venv\lib\site-packages\pandasai\agent\base.py", line 186, in execute_with_retries
    result = self.execute_code(code)
  File "C:\Users\Jonathan\Desktop\projects\intern project\data_app\.venv\lib\site-packages\pandasai\agent\base.py", line 118, in execute_code
    return code_executor.execute_and_return_result(code)
  File "C:\Users\Jonathan\Desktop\projects\intern project\data_app\.venv\lib\site-packages\pandasai\core\code_execution\code_executor.py", line 38, in execute_and_return_result
    self.execute(code)
  File "C:\Users\Jonathan\Desktop\projects\intern project\data_app\.venv\lib\site-packages\pandasai\core\code_execution\code_executor.py", line 31, in execute
    raise CodeExecutionError("Code execution failed") from e
pandasai.exceptions.CodeExecutionError: Code execution failed

2025-03-28 11:35:34 [INFO] Using Prompt: <table dialect="duckdb" table_name="table_f429f651884f4941543d85bc5583ea4e" dimensions="5x3">
EmployeeID,Name,Department
1,John,HR
2,Emma,Sales
3,Liam,IT
4,Olivia,Marketing
5,William,Finance
</table>
<table dialect="duckdb" table_name="table_8a25a04fdd74977afdf9a87b59394611" dimensions="5x2">
EmployeeID,Salary
1,5000
2,6000
3,4500
4,7000
5,5500
</table>


The user asked the following question:
### QUERY
 Who gets paid the most?

You generated the following Python code:
import pandas as pd
sql_query = """
    SELECT Name, MAX(Salary) as Salary
    FROM table_f429f651884f4941543d85bc5583ea4e 
    JOIN table_8a25a04fdd74977afdf9a87b59394611 
    ON table_f429f651884f4941543d85bc5583ea4e.EmployeeID = table_8a25a04fdd74977afdf9a87b59394611.EmployeeID
"""
df = execute_sql_query(sql_query)
highest_paid_employee = df.iloc[0]['Name']
highest_salary = df.iloc[0]['Salary']
result = {'type': 'string', 'value': f'The highest salary is {highest_salary} and it is received by {highest_paid_employee}.'}

However, it resulted in the following error:
Traceback (most recent call last):
  File "C:\Users\Jonathan\Desktop\projects\intern project\data_app\.venv\lib\site-packages\pandasai\core\code_execution\code_executor.py", line 29, in execute
    exec(code, self._environment)
  File "<string>", line 8, in <module>
  File "C:\Users\Jonathan\Desktop\projects\intern project\data_app\.venv\lib\site-packages\pandasai\agent\base.py", line 150, in _execute_sql_query
    return db_manager.sql(final_query).df()
  File "C:\Users\Jonathan\Desktop\projects\intern project\data_app\.venv\lib\site-packages\pandasai\data_loader\duck_db_connection_manager.py", line 39, in sql
    return self.connection.sql(query, params=params)
duckdb.duckdb.BinderException: Binder Error: column "Name" must appear in the GROUP BY clause or must be part of an aggregate function.
Either add it to the GROUP BY list, or use "ANY_VALUE(Name)" if the exact value of "Name" is not important.

The above exception was the direct cause of the following exception:

Traceback (most recent call last):
  File "C:\Users\Jonathan\Desktop\projects\intern project\data_app\.venv\lib\site-packages\pandasai\agent\base.py", line 186, in execute_with_retries
    result = self.execute_code(code)
  File "C:\Users\Jonathan\Desktop\projects\intern project\data_app\.venv\lib\site-packages\pandasai\agent\base.py", line 118, in execute_code
    return code_executor.execute_and_return_result(code)
  File "C:\Users\Jonathan\Desktop\projects\intern project\data_app\.venv\lib\site-packages\pandasai\core\code_execution\code_executor.py", line 38, in execute_and_return_result
    self.execute(code)
  File "C:\Users\Jonathan\Desktop\projects\intern project\data_app\.venv\lib\site-packages\pandasai\core\code_execution\code_executor.py", line 31, in execute
    raise CodeExecutionError("Code execution failed") from e
pandasai.exceptions.CodeExecutionError: Code execution failed


Fix the python code above and return the new python code but the code generated should use execute_sql_query function
2025-03-28 11:35:53 [INFO] Code Generated:
import pandas as pd
sql_query = """
    SELECT Name, Salary
    FROM table_f429f651884f4941543d85bc5583ea4e 
    JOIN table_8a25a04fdd74977afdf9a87b59394611 
    ON table_f429f651884f4941543d85bc5583ea4e.EmployeeID = table_8a25a04fdd74977afdf9a87b59394611.EmployeeID
    ORDER BY Salary DESC
    LIMIT 1
"""
df = execute_sql_query(sql_query)
highest_paid_employee = df.iloc[0]['Name']
highest_salary = df.iloc[0]['Salary']
result = {'type': 'string', 'value': f'The highest salary is {highest_salary} and it is received by {highest_paid_employee}.'}
2025-03-28 11:35:53 [INFO] Validating code requirements...
2025-03-28 11:35:53 [INFO] Code validation successful.
2025-03-28 11:35:53 [INFO] Cleaning the generated code...
2025-03-28 11:35:53 [INFO] Executing code: import pandas as pd
sql_query = """
    SELECT Name, Salary
    FROM table_f429f651884f4941543d85bc5583ea4e 
    JOIN table_8a25a04fdd74977afdf9a87b59394611 
    ON table_f429f651884f4941543d85bc5583ea4e.EmployeeID = table_8a25a04fdd74977afdf9a87b59394611.EmployeeID
    ORDER BY Salary DESC
    LIMIT 1
"""
df = execute_sql_query(sql_query)
highest_paid_employee = df.iloc[0]['Name']
highest_salary = df.iloc[0]['Salary']
result = {'type': 'string', 'value': f'The highest salary is {highest_salary} and it is received by {highest_paid_employee}.'}
2025-03-28 11:35:53 [INFO] Response generated successfully.
2025-03-28 11:40:24 [INFO] Question: Which are the top 5 countries by sales?
2025-03-28 11:40:24 [INFO] Running PandaAI with bamboo_llm LLM...
2025-03-28 11:40:24 [INFO] Prompt ID: 845f06e6-98ae-4093-a727-072eb0f11c75
2025-03-28 11:40:24 [INFO] Generating new code...
2025-03-28 11:40:24 [INFO] Using Prompt: <tables>

<table dialect="duckdb" table_name="table_3196ce98cf3ce3223735e1d61022e9d2" dimensions="10x2">
country,revenue
United States,5000
United Kingdom,3200
France,2900
Germany,4100
Italy,2300
</table>


</tables>

You are already provided with the following functions that you can call:
<function>
def execute_sql_query(sql_query: str) -> pd.Dataframe
    """This method connects to the database, executes the sql query and returns the dataframe"""
</function>


Update this initial code:
```python
# TODO: import the required dependencies
import pandas as pd

# Write code here

# Declare result var: 
type (possible values "string", "number", "dataframe", "plot"). Examples: { "type": "string", "value": f"The highest salary is {highest_salary}." } or { "type": "number", "value": 125 } or { "type": "dataframe", "value": pd.DataFrame({...}) } or { "type": "plot", "value": "temp_chart.png" }

```



### QUERY
 Which are the top 5 countries by sales?

At the end, declare "result" variable as a dictionary of type and value.


Generate python code and return full updated code:

### Note: Use only relevant table for query and do aggregation, sorting, joins and grouby through sql query
2025-03-28 11:40:34 [INFO] Code Generated:
# Required dependencies
import pandas as pd

# Function to execute SQL query
def execute_sql_query(sql_query: str) -> pd.Dataframe:
    """This method connects to the database, executes the sql query and returns the dataframe"""

# SQL query to fetch the top 5 countries by sales
sql_query = """
    SELECT country, revenue
    FROM table_3196ce98cf3ce3223735e1d61022e9d2
    ORDER BY revenue DESC
    LIMIT 5
"""

# Execute the SQL query and get the result as a DataFrame
result_df = execute_sql_query(sql_query)

# Declare result var
result = { "type": "dataframe", "value": result_df }
2025-03-28 11:40:34 [INFO] Validating code requirements...
2025-03-28 11:40:34 [INFO] Code validation successful.
2025-03-28 11:40:34 [INFO] Cleaning the generated code...
2025-03-28 11:40:34 [INFO] Executing code: import pandas as pd
sql_query = """
    SELECT country, revenue
    FROM table_3196ce98cf3ce3223735e1d61022e9d2
    ORDER BY revenue DESC
    LIMIT 5
"""
result_df = execute_sql_query(sql_query)
result = {'type': 'dataframe', 'value': result_df}
2025-03-28 11:40:34 [INFO] Response generated successfully.
2025-03-28 11:41:35 [INFO] Question: Which are the top 5 countries by sales?
2025-03-28 11:41:35 [INFO] Running PandaAI with bamboo_llm LLM...
2025-03-28 11:41:35 [INFO] Prompt ID: c2e599b6-cdbd-40d6-9607-8a787dbb667a
2025-03-28 11:41:35 [INFO] Generating new code...
2025-03-28 11:41:35 [INFO] Using Prompt: <tables>

<table dialect="duckdb" table_name="table_3196ce98cf3ce3223735e1d61022e9d2" dimensions="10x2">
country,revenue
United States,5000
United Kingdom,3200
France,2900
Germany,4100
Italy,2300
</table>


</tables>

You are already provided with the following functions that you can call:
<function>
def execute_sql_query(sql_query: str) -> pd.Dataframe
    """This method connects to the database, executes the sql query and returns the dataframe"""
</function>


Update this initial code:
```python
# TODO: import the required dependencies
import pandas as pd

# Write code here

# Declare result var: 
type (possible values "string", "number", "dataframe", "plot"). Examples: { "type": "string", "value": f"The highest salary is {highest_salary}." } or { "type": "number", "value": 125 } or { "type": "dataframe", "value": pd.DataFrame({...}) } or { "type": "plot", "value": "temp_chart.png" }

```



### QUERY
 Which are the top 5 countries by sales?

At the end, declare "result" variable as a dictionary of type and value.


Generate python code and return full updated code:

### Note: Use only relevant table for query and do aggregation, sorting, joins and grouby through sql query
2025-03-28 11:41:46 [INFO] Code Generated:
# Import the required dependencies
import pandas as pd

# Function to execute SQL Query
def execute_sql_query(sql_query: str) -> pd.Dataframe:
    """This method connects to the database, executes the sql query and returns the dataframe"""
    # TODO: Add logic to connect to the database and execute the SQL query

# SQL query to get the top 5 countries by sales
sql_query = "SELECT country, revenue FROM table_3196ce98cf3ce3223735e1d61022e9d2 ORDER BY revenue DESC LIMIT 5"

# Execute the SQL query and store the result in a dataframe
df = execute_sql_query(sql_query)

# Declare result variable
result = { "type": "dataframe", "value": df }
2025-03-28 11:41:46 [INFO] Validating code requirements...
2025-03-28 11:41:46 [INFO] Code validation successful.
2025-03-28 11:41:46 [INFO] Cleaning the generated code...
2025-03-28 11:41:46 [INFO] Executing code: import pandas as pd
sql_query = 'SELECT country, revenue FROM table_3196ce98cf3ce3223735e1d61022e9d2 ORDER BY revenue DESC LIMIT 5'
df = execute_sql_query(sql_query)
result = {'type': 'dataframe', 'value': df}
2025-03-28 11:41:47 [INFO] Response generated successfully.
2025-03-28 11:45:28 [INFO] Question: Which are the top 5 countries by sales?
2025-03-28 11:53:50 [INFO] Question: Which are the top 5 countries by sales?
2025-03-28 11:54:57 [INFO] Question: Which are the top 5 countries by sales?
2025-03-28 11:56:09 [INFO] Question: Which are the top 5 countries by sales?
2025-03-28 11:57:21 [INFO] Question: Which are the top 5 countries by sales?
2025-03-28 11:58:46 [INFO] Question: Which are the top 5 countries by sales?
2025-03-28 11:59:02 [INFO] Question: Which are the top 5 countries by sales?
2025-03-28 11:59:02 [INFO] Running PandaAI with bamboo_llm LLM...
2025-03-28 11:59:02 [INFO] Prompt ID: b553bb51-16d2-48ea-a280-149d52e86359
2025-03-28 11:59:02 [INFO] Generating new code...
2025-03-28 11:59:02 [INFO] Using Prompt: <tables>

<table dialect="duckdb" table_name="table_3196ce98cf3ce3223735e1d61022e9d2" dimensions="10x2">
country,revenue
United States,5000
United Kingdom,3200
France,2900
Germany,4100
Italy,2300
</table>


</tables>

You are already provided with the following functions that you can call:
<function>
def execute_sql_query(sql_query: str) -> pd.Dataframe
    """This method connects to the database, executes the sql query and returns the dataframe"""
</function>


Update this initial code:
```python
# TODO: import the required dependencies
import pandas as pd

# Write code here

# Declare result var: 
type (possible values "string", "number", "dataframe", "plot"). Examples: { "type": "string", "value": f"The highest salary is {highest_salary}." } or { "type": "number", "value": 125 } or { "type": "dataframe", "value": pd.DataFrame({...}) } or { "type": "plot", "value": "temp_chart.png" }

```



### QUERY
 Which are the top 5 countries by sales?

At the end, declare "result" variable as a dictionary of type and value.


Generate python code and return full updated code:

### Note: Use only relevant table for query and do aggregation, sorting, joins and grouby through sql query
2025-03-28 11:59:11 [INFO] Code Generated:
# TODO: import the required dependencies
import pandas as pd

# Write code here
def execute_sql_query(sql_query: str) -> pd.DataFrame:
    """This method connects to the database, executes the sql query and returns the dataframe"""

# SQL query to get top 5 countries by sales
sql_query = "SELECT country, revenue FROM table_3196ce98cf3ce3223735e1d61022e9d2 ORDER BY revenue DESC LIMIT 5"

# Execute the query
top_countries = execute_sql_query(sql_query)

# Declare result var: 
result = { "type": "dataframe", "value": top_countries }
2025-03-28 11:59:11 [INFO] Validating code requirements...
2025-03-28 11:59:11 [INFO] Code validation successful.
2025-03-28 11:59:11 [INFO] Cleaning the generated code...
2025-03-28 11:59:11 [INFO] Executing code: import pandas as pd
sql_query = 'SELECT country, revenue FROM table_3196ce98cf3ce3223735e1d61022e9d2 ORDER BY revenue DESC LIMIT 5'
top_countries = execute_sql_query(sql_query)
result = {'type': 'dataframe', 'value': top_countries}
2025-03-28 11:59:12 [INFO] Response generated successfully.
2025-03-28 18:38:17 [INFO] Question: Which are the top 5 countries by sales?
2025-03-28 18:38:17 [INFO] Running PandaAI with bamboo_llm LLM...
2025-03-28 18:38:17 [INFO] Prompt ID: fe11c663-f974-4bf2-949c-5ffa947c2db2
2025-03-28 18:38:17 [INFO] Generating new code...
2025-03-28 18:38:17 [INFO] Using Prompt: <tables>

<table dialect="duckdb" table_name="table_3196ce98cf3ce3223735e1d61022e9d2" dimensions="10x2">
country,revenue
United States,5000
United Kingdom,3200
France,2900
Germany,4100
Italy,2300
</table>


</tables>

You are already provided with the following functions that you can call:
<function>
def execute_sql_query(sql_query: str) -> pd.Dataframe
    """This method connects to the database, executes the sql query and returns the dataframe"""
</function>


Update this initial code:
```python
# TODO: import the required dependencies
import pandas as pd

# Write code here

# Declare result var: 
type (possible values "string", "number", "dataframe", "plot"). Examples: { "type": "string", "value": f"The highest salary is {highest_salary}." } or { "type": "number", "value": 125 } or { "type": "dataframe", "value": pd.DataFrame({...}) } or { "type": "plot", "value": "temp_chart.png" }

```



### QUERY
 Which are the top 5 countries by sales?

At the end, declare "result" variable as a dictionary of type and value.


Generate python code and return full updated code:

### Note: Use only relevant table for query and do aggregation, sorting, joins and grouby through sql query
2025-03-28 18:38:27 [INFO] Code Generated:
# Import required dependencies
import pandas as pd

# Function to execute SQL query
def execute_sql_query(sql_query: str) -> pd.Dataframe:
    """This method connects to the database, executes the sql query and returns the dataframe"""
    # Code to connect to database and execute query goes here
    pass

# SQL query to get top 5 countries by sales
sql_query = """
SELECT country, revenue
FROM table_3196ce98cf3ce3223735e1d61022e9d2
ORDER BY revenue DESC
LIMIT 5
"""

# Execute SQL query and store the result
sales_df = execute_sql_query(sql_query)

# Declare result var
result = {
    "type": "dataframe",
    "value": sales_df
}
2025-03-28 18:38:27 [INFO] Validating code requirements...
2025-03-28 18:38:27 [INFO] Code validation successful.
2025-03-28 18:38:27 [INFO] Cleaning the generated code...
2025-03-28 18:38:27 [INFO] Executing code: import pandas as pd
sql_query = """
SELECT country, revenue
FROM table_3196ce98cf3ce3223735e1d61022e9d2
ORDER BY revenue DESC
LIMIT 5
"""
sales_df = execute_sql_query(sql_query)
result = {'type': 'dataframe', 'value': sales_df}
2025-03-28 18:38:28 [INFO] Response generated successfully.
